-------------------------------------------------------------------------------
Test set: com.demo.users.UserApplicationTests
-------------------------------------------------------------------------------
Tests run: 1, Failures: 0, Errors: 1, Skipped: 0, Time elapsed: 0.242 s <<< FAILURE! - in com.demo.users.UserApplicationTests
com.demo.users.UserApplicationTests  Time elapsed: 0.241 s  <<< ERROR!
java.lang.IllegalStateException: Unable to find a @SpringBootConfiguration, you need to use @ContextConfiguration or @SpringBootTest(classes=...) with your test

